#
# There is insufficient memory for the Java Runtime Environment to continue.
# Native memory allocation (mmap) failed to map 100663296 bytes for G1 virtual space
# Possible reasons:
#   The system is out of physical RAM or swap space
#   The process is running with CompressedOops enabled, and the Java Heap may be blocking the growth of the native heap
# Possible solutions:
#   Reduce memory load on the system
#   Increase physical memory or swap space
#   Check if swap backing store is full
#   Decrease Java heap size (-Xmx/-Xms)
#   Decrease number of Java threads
#   Decrease Java thread stack sizes (-Xss)
#   Set larger code cache with -XX:ReservedCodeCacheSize=
#   JVM is running with Unscaled Compressed Oops mode in which the Java heap is
#     placed in the first 4GB address space. The Java Heap base address is the
#     maximum limit for the native heap growth. Please use -XX:HeapBaseMinAddress
#     to set the Java Heap base and to place the Java Heap above 4GB virtual address.
# This output file may be truncated or incomplete.
#
#  Out of Memory Error (./open/src/hotspot/os/windows/os_windows.cpp:3472), pid=19788, tid=23488
#
# JRE version:  (15.0.1+9) (build )
# Java VM: Java HotSpot(TM) 64-Bit Server VM (15.0.1+9-18, mixed mode, sharing, tiered, compressed oops, g1 gc, windows-amd64)
# No core dump will be written. Minidumps are not enabled by default on client versions of Windows
#

---------------  S U M M A R Y ------------

Command Line: -Dfile.encoding=MS949 -XX:+ShowCodeDetailsInExceptionMessages GUI.cla22

Host: AMD Ryzen 7 3700U with Radeon Vega Mobile Gfx  , 8 cores, 5G,  Windows 10 , 64 bit Build 19041 (10.0.19041.662)
Time: Sun Jan 31 13:36:13 2021 대한민국 표준시 elapsed time: 0.020873 seconds (0d 0h 0m 0s)

---------------  T H R E A D  ---------------

Current thread (0x000002753615c8a0):  JavaThread "Unknown thread" [_thread_in_vm, id=23488, stack(0x000000c8dce00000,0x000000c8dcf00000)]

Stack: [0x000000c8dce00000,0x000000c8dcf00000]
Native frames: (J=compiled Java code, j=interpreted, Vv=VM code, C=native code)
V  [jvm.dll+0x62ae9a]
V  [jvm.dll+0x781389]
V  [jvm.dll+0x782ae3]
V  [jvm.dll+0x783143]
V  [jvm.dll+0x216265]
V  [jvm.dll+0x6281d9]
V  [jvm.dll+0x61cd15]
V  [jvm.dll+0x2d01fd]
V  [jvm.dll+0x2d0062]
V  [jvm.dll+0x2d603c]
V  [jvm.dll+0x325b2a]
V  [jvm.dll+0x3251f4]
V  [jvm.dll+0x2a717a]
V  [jvm.dll+0x2a8318]
V  [jvm.dll+0x75e101]
V  [jvm.dll+0x3343e4]
V  [jvm.dll+0x73e826]
V  [jvm.dll+0x3b7777]
V  [jvm.dll+0x3b9201]
C  [jli.dll+0x52fb]
C  [ucrtbase.dll+0x214c2]
C  [KERNEL32.DLL+0x17034]
C  [ntdll.dll+0x4d0d1]


---------------  P R O C E S S  ---------------

Threads class SMR info:
_java_thread_list=0x00007ff8607d4ff0, length=0, elements={
}

Java Threads: ( => current thread )

Other Threads:
  0x00000275361980b0 GCTaskThread "GC Thread#0" [stack: 0x000000c8dcf00000,0x000000c8dd000000] [id=24636]
  0x00000275361a5080 ConcurrentGCThread "G1 Main Marker" [stack: 0x000000c8dd000000,0x000000c8dd100000] [id=10728]
  0x00000275361a6410 ConcurrentGCThread "G1 Conc#0" [stack: 0x000000c8dd100000,0x000000c8dd200000] [id=12700]

[error occurred during error reporting (printing all threads), id 0xc0000005, EXCEPTION_ACCESS_VIOLATION (0xc0000005) at pc=0x00007ff85ffc8047]

VM state: not at safepoint (not fully initialized)

VM Mutex/Monitor currently owned by a thread:  ([mutex/lock_event])
[0x0000027536159c80] Heap_lock - owner thread: 0x000002753615c8a0

Heap address: 0x00000000a0c00000, size: 1524 MB, Compressed Oops mode: 32-bit
CDS archive(s) mapped at: [0x0000000000000000-0x0000000000000000-0x0000000000000000), size 0, SharedBaseAddress: 0x0000000800000000, ArchiveRelocationMode: 0.
Narrow klass base: 0x0000000000000000, Narrow klass shift: 0, Narrow klass range: 0x0

Heap:
 garbage-first heap   total 98304K, used 0K [0x00000000a0c00000, 0x0000000100000000)
  region size 1024K, 0 young (0K), 0 survivors (0K)
 Metaspace       used 0K, capacity 0K, committed 0K, reserved 0K
  class space    used 0K, capacity 0K, committed 0K, reserved 0K

Heap Regions: E=young(eden), S=young(survivor), O=old, HS=humongous(starts), HC=humongous(continues), CS=collection set, F=free, OA=open archive, CA=closed archive, TAMS=top-at-mark-start (previous, next)

Card table byte_map: [0x000002754d9d0000,0x000002754dcd0000] _byte_map_base: 0x000002754d4ca000

Marking Bits (Prev, Next): (CMBitMap*) 0x00000275361988a0, (CMBitMap*) 0x00000275361988e0
 Prev Bits: [0x000002754dfd0000, 0x000002754f7a0000)
 Next Bits: [0x000002754f7a0000, 0x0000027550f70000)

GC Heap History (0 events):
No events

Deoptimization events (0 events):
No events

Classes unloaded (0 events):
No events

Classes redefined (0 events):
No events

Internal exceptions (0 events):
No events

Events (1 events):
Event: 0.014 Loaded shared library C:\Program Files\Java\jdk-15.0.1\bin\java.dll


Dynamic libraries:
0x00007ff625d40000 - 0x00007ff625d4f000 	C:\Program Files\Java\jdk-15.0.1\bin\javaw.exe
0x00007ff889ed0000 - 0x00007ff88a0c6000 	C:\Windows\SYSTEM32\ntdll.dll
0x00007ff889b40000 - 0x00007ff889bfd000 	C:\Windows\System32\KERNEL32.DLL
0x00007ff8879a0000 - 0x00007ff887c69000 	C:\Windows\System32\KERNELBASE.dll
0x00007ff887e30000 - 0x00007ff887f30000 	C:\Windows\System32\ucrtbase.dll
0x00007ff87c0c0000 - 0x00007ff87c0d9000 	C:\Program Files\Java\jdk-15.0.1\bin\VCRUNTIME140.dll
0x00007ff87bed0000 - 0x00007ff87bee8000 	C:\Program Files\Java\jdk-15.0.1\bin\jli.dll
0x00007ff889c60000 - 0x00007ff889d0c000 	C:\Windows\System32\ADVAPI32.dll
0x00007ff889d90000 - 0x00007ff889e2e000 	C:\Windows\System32\msvcrt.dll
0x00007ff888670000 - 0x00007ff88870c000 	C:\Windows\System32\sechost.dll
0x00007ff889050000 - 0x00007ff88917b000 	C:\Windows\System32\RPCRT4.dll
0x00007ff888710000 - 0x00007ff8888b0000 	C:\Windows\System32\USER32.dll
0x00007ff887940000 - 0x00007ff887962000 	C:\Windows\System32\win32u.dll
0x00007ff874af0000 - 0x00007ff874d8b000 	C:\Windows\WinSxS\amd64_microsoft.windows.common-controls_6595b64144ccf1df_6.0.19041.746_none_ca02b4b61b8320a4\COMCTL32.dll
0x00007ff889a20000 - 0x00007ff889a4a000 	C:\Windows\System32\GDI32.dll
0x00007ff887d20000 - 0x00007ff887e2b000 	C:\Windows\System32\gdi32full.dll
0x00007ff8878a0000 - 0x00007ff88793d000 	C:\Windows\System32\msvcp_win.dll
0x00007ff87d240000 - 0x00007ff87d24a000 	C:\Windows\SYSTEM32\VERSION.dll
0x00007ff889a50000 - 0x00007ff889a80000 	C:\Windows\System32\IMM32.DLL
0x00007ff881c30000 - 0x00007ff881c3c000 	C:\Program Files\Java\jdk-15.0.1\bin\vcruntime140_1.dll
0x00007ff8784a0000 - 0x00007ff878531000 	C:\Program Files\Java\jdk-15.0.1\bin\msvcp140.dll
0x00007ff85fd10000 - 0x00007ff86086e000 	C:\Program Files\Java\jdk-15.0.1\bin\server\jvm.dll
0x00007ff889a80000 - 0x00007ff889a88000 	C:\Windows\System32\PSAPI.DLL
0x00007ff87cb70000 - 0x00007ff87cb97000 	C:\Windows\SYSTEM32\WINMM.dll
0x00007ff884770000 - 0x00007ff884779000 	C:\Windows\SYSTEM32\WSOCK32.dll
0x00007ff889180000 - 0x00007ff8891eb000 	C:\Windows\System32\WS2_32.dll
0x00007ff885ee0000 - 0x00007ff885ef2000 	C:\Windows\SYSTEM32\kernel.appcore.dll
0x00007ff884760000 - 0x00007ff88476a000 	C:\Program Files\Java\jdk-15.0.1\bin\jimage.dll
0x00007ff885350000 - 0x00007ff885534000 	C:\Windows\SYSTEM32\DBGHELP.DLL
0x00007ff872180000 - 0x00007ff8721ac000 	C:\Windows\SYSTEM32\dbgcore.DLL
0x00007ff8876c0000 - 0x00007ff887740000 	C:\Windows\System32\bcryptPrimitives.dll
0x00007ff8815e0000 - 0x00007ff881605000 	C:\Program Files\Java\jdk-15.0.1\bin\java.dll

dbghelp: loaded successfully - version: 4.0.5 - missing functions: none
symbol engine: initialized successfully - sym options: 0x614 - pdb path: .;C:\Program Files\Java\jdk-15.0.1\bin;C:\Windows\SYSTEM32;C:\Windows\WinSxS\amd64_microsoft.windows.common-controls_6595b64144ccf1df_6.0.19041.746_none_ca02b4b61b8320a4;C:\Program Files\Java\jdk-15.0.1\bin\server

VM Arguments:
jvm_args: -Dfile.encoding=MS949 -XX:+ShowCodeDetailsInExceptionMessages 
java_command: GUI.cla22
java_class_path (initial): C:\Users\82109\eclipse-workspace\HI\bin
Launcher Type: SUN_STANDARD

[Global flags]
     intx CICompilerCount                          = 4                                         {product} {ergonomic}
     uint ConcGCThreads                            = 2                                         {product} {ergonomic}
     uint G1ConcRefinementThreads                  = 8                                         {product} {ergonomic}
   size_t G1HeapRegionSize                         = 1048576                                   {product} {ergonomic}
    uintx GCDrainStackTargetSize                   = 64                                        {product} {ergonomic}
   size_t InitialHeapSize                          = 100663296                                 {product} {ergonomic}
   size_t MarkStackSize                            = 4194304                                   {product} {ergonomic}
   size_t MaxHeapSize                              = 1598029824                                {product} {ergonomic}
   size_t MinHeapDeltaBytes                        = 1048576                                   {product} {ergonomic}
   size_t MinHeapSize                              = 8388608                                   {product} {ergonomic}
    uintx NonNMethodCodeHeapSize                   = 5839372                                {pd product} {ergonomic}
    uintx NonProfiledCodeHeapSize                  = 122909434                              {pd product} {ergonomic}
    uintx ProfiledCodeHeapSize                     = 122909434                              {pd product} {ergonomic}
    uintx ReservedCodeCacheSize                    = 251658240                              {pd product} {ergonomic}
     bool SegmentedCodeCache                       = true                                      {product} {ergonomic}
     bool ShowCodeDetailsInExceptionMessages       = true                                   {manageable} {command line}
   size_t SoftMaxHeapSize                          = 1598029824                             {manageable} {ergonomic}
     bool UseCompressedClassPointers               = true                                 {lp64_product} {ergonomic}
     bool UseCompressedOops                        = true                                 {lp64_product} {ergonomic}
     bool UseG1GC                                  = true                                      {product} {ergonomic}
     bool UseLargePagesIndividualAllocation        = false                                  {pd product} {ergonomic}

Logging:
Log output configuration:
 #0: stdout all=warning uptime,level,tags
 #1: stderr all=off uptime,level,tags

Environment Variables:
JAVA_HOME=C:\Program Files\Java\jdk-15.0.1
CLASSPATH=C:\Users\82109\OneDrive\바탕 화면\java\srcbin\lib;.
PATH=C:/Program Files/Java/jdk-15.0.1/bin/server;C:/Program Files/Java/jdk-15.0.1/bin;C:\Program Files\Java\jdk-15.0.1\bin;C:\Program Files\Common Files\Oracle\Java\javapath;C:\Program Files\Python39\Scripts\;C:\Program Files\Python39\;C:\Windows\system32;C:\Windows;C:\Windows\System32\Wbem;C:\Windows\System32\WindowsPowerShell\v1.0\;C:\Windows\System32\OpenSSH\;C:\Program Files\Git\cmd;C:\Program Files\MySQL\MySQL Shell 8.0\bin\;C:\Users\82109\AppData\Local\Microsoft\WindowsApps;C:\Users\82109\AppData\Local\atom\bin;C:\Program Files\JetBrains\IntelliJ IDEA Educational Edition 2020.3\bin;;C:\Users\82109\eclipse\java-2020-12\eclipse;
USERNAME=82109
OS=Windows_NT
PROCESSOR_IDENTIFIER=AMD64 Family 23 Model 24 Stepping 1, AuthenticAMD



---------------  S Y S T E M  ---------------

OS:
 Windows 10 , 64 bit Build 19041 (10.0.19041.662)
OS uptime: 10 days 20:34 hours

CPU: total 8 (initial active 8) (8 cores per cpu, 2 threads per core) family 23 model 24 stepping 1 microcode 0x0, cmov, cx8, fxsr, mmx, sse, sse2, sse3, ssse3, sse4.1, sse4.2, popcnt, vzeroupper, avx, avx2, aes, clmul, 3dnowpref, lzcnt, sse4a, ht, tsc, tscinvbit, tscinv, bmi1, bmi2, adx, sha, fma, clflush, clflushopt

Memory: 4k page, system-wide physical 6091M (594M free)
TotalPageFile size 24523M (AvailPageFile size 33M)
current process WorkingSet (physical memory assigned to process): 10M, peak: 10M
current process commit charge ("private bytes"): 60M, peak: 156M

vm_info: Java HotSpot(TM) 64-Bit Server VM (15.0.1+9-18) for windows-amd64 JRE (15.0.1+9-18), built on Sep 15 2020 14:43:54 by "mach5one" with unknown MS VC++:1925

END.
